Using pre-set license
Built from '2020.3/staging' branch; Version is '2020.3.18f1 (a7d1c678663c) revision 10998214'; Using compiler version '192528614'; Build Type 'Release'
OS: 'Windows 10 Pro; OS build 19045.4291; Version 2009; 64bit' Language: 'ko' Physical Memory: 32606 MB
BatchMode: 1, IsHumanControllingUs: 0, StartBugReporterOnCrash: 0, Is64bit: 1, IsPro: 0

COMMAND LINE ARGUMENTS:
C:\Program Files\Unity\Hub\Editor\2020.3.18f1\Editor\Unity.exe
-adb2
-batchMode
-noUpm
-name
AssetImportWorker0
-projectPath
C:/Users/user/Desktop/gitHub/Soul-Odyssey/Soul Odyssey
-logFile
Logs/AssetImportWorker0.log
-srvPort
4100
Successfully changed project path to: C:/Users/user/Desktop/gitHub/Soul-Odyssey/Soul Odyssey
C:/Users/user/Desktop/gitHub/Soul-Odyssey/Soul Odyssey
Using Asset Import Pipeline V2.
Refreshing native plugins compatible for Editor in 41.07 ms, found 3 plugins.
Preloading 0 native plugins for Editor in 0.00 ms.
Initialize engine version: 2020.3.18f1 (a7d1c678663c)
[Subsystems] Discovering subsystems at path C:/Program Files/Unity/Hub/Editor/2020.3.18f1/Editor/Data/Resources/UnitySubsystems
[Subsystems] Discovering subsystems at path C:/Users/user/Desktop/gitHub/Soul-Odyssey/Soul Odyssey/Assets
GfxDevice: creating device client; threaded=0
Direct3D:
    Version:  Direct3D 11.0 [level 11.1]
    Renderer: NVIDIA GeForce RTX 4070 (ID=0x2786)
    Vendor:   
    VRAM:     12026 MB
    Driver:   31.0.15.3623
Initialize mono
Mono path[0] = 'C:/Program Files/Unity/Hub/Editor/2020.3.18f1/Editor/Data/Managed'
Mono path[1] = 'C:/Program Files/Unity/Hub/Editor/2020.3.18f1/Editor/Data/MonoBleedingEdge/lib/mono/unityjit'
Mono config path = 'C:/Program Files/Unity/Hub/Editor/2020.3.18f1/Editor/Data/MonoBleedingEdge/etc'
Using monoOptions --debugger-agent=transport=dt_socket,embedding=1,server=y,suspend=n,address=127.0.0.1:56312
Begin MonoManager ReloadAssembly
Registering precompiled unity dll's ...
Register platform support module: C:/Program Files/Unity/Hub/Editor/2020.3.18f1/Editor/Data/PlaybackEngines/WindowsStandaloneSupport/UnityEditor.WindowsStandalone.Extensions.dll
Registered in 0.001871 seconds.
Native extension for WindowsStandalone target not found
Refreshing native plugins compatible for Editor in 40.04 ms, found 3 plugins.
Preloading 0 native plugins for Editor in 0.00 ms.
Mono: successfully reloaded assembly
- Completed reload, in  2.072 seconds
Domain Reload Profiling:
	ReloadAssembly (2072ms)
		BeginReloadAssembly (46ms)
			ExecutionOrderSort (0ms)
			DisableScriptedObjects (0ms)
			BackupInstance (0ms)
			ReleaseScriptingObjects (0ms)
			CreateAndSetChildDomain (1ms)
		EndReloadAssembly (366ms)
			LoadAssemblies (44ms)
			RebuildTransferFunctionScriptingTraits (0ms)
			SetupTypeCache (124ms)
			ReleaseScriptCaches (0ms)
			RebuildScriptCaches (26ms)
			SetupLoadedEditorAssemblies (151ms)
				LogAssemblyErrors (0ms)
				InitializePlatformSupportModulesInManaged (4ms)
				SetLoadedEditorAssemblies (0ms)
				RefreshPlugins (40ms)
				BeforeProcessingInitializeOnLoad (11ms)
				ProcessInitializeOnLoadAttributes (70ms)
				ProcessInitializeOnLoadMethodAttributes (25ms)
				AfterProcessingInitializeOnLoad (0ms)
				EditorAssembliesLoaded (0ms)
			ExecutionOrderSort2 (0ms)
			AwakeInstancesAfterBackupRestoration (0ms)
Platform modules already initialized, skipping
Registering precompiled user dll's ...
Registered in 0.002851 seconds.
Begin MonoManager ReloadAssembly
Native extension for WindowsStandalone target not found
Refreshing native plugins compatible for Editor in 39.64 ms, found 3 plugins.
Preloading 0 native plugins for Editor in 0.00 ms.
Mono: successfully reloaded assembly
- Completed reload, in  1.034 seconds
Domain Reload Profiling:
	ReloadAssembly (1035ms)
		BeginReloadAssembly (122ms)
			ExecutionOrderSort (0ms)
			DisableScriptedObjects (4ms)
			BackupInstance (0ms)
			ReleaseScriptingObjects (0ms)
			CreateAndSetChildDomain (17ms)
		EndReloadAssembly (856ms)
			LoadAssemblies (81ms)
			RebuildTransferFunctionScriptingTraits (0ms)
			SetupTypeCache (239ms)
			ReleaseScriptCaches (0ms)
			RebuildScriptCaches (42ms)
			SetupLoadedEditorAssemblies (391ms)
				LogAssemblyErrors (0ms)
				InitializePlatformSupportModulesInManaged (4ms)
				SetLoadedEditorAssemblies (0ms)
				RefreshPlugins (40ms)
				BeforeProcessingInitializeOnLoad (72ms)
				ProcessInitializeOnLoadAttributes (263ms)
				ProcessInitializeOnLoadMethodAttributes (9ms)
				AfterProcessingInitializeOnLoad (3ms)
				EditorAssembliesLoaded (0ms)
			ExecutionOrderSort2 (0ms)
			AwakeInstancesAfterBackupRestoration (3ms)
Platform modules already initialized, skipping
========================================================================
Worker process is ready to serve import requests
Launched and connected shader compiler UnityShaderCompiler.exe after 0.04 seconds
Refreshing native plugins compatible for Editor in 0.28 ms, found 3 plugins.
Preloading 0 native plugins for Editor in 0.00 ms.
Unloading 2090 Unused Serialized files (Serialized files now loaded: 0)
System memory in use before: 93.0 MB.
System memory in use after: 93.1 MB.

Unloading 26 unused Assets to reduce memory usage. Loaded Objects now: 2529.
Total: 1.721700 ms (FindLiveObjects: 0.088000 ms CreateObjectMapping: 0.025100 ms MarkObjects: 1.560800 ms  DeleteObjects: 0.046900 ms)

AssetImportParameters requested are different than current active one (requested -> active):
  custom:framework-win-MediaFoundation: 216162199b28c13a410421893ffa2e32 -> 
  custom:video-decoder-ogg-theora: a1e56fd34408186e4bbccfd4996cb3dc -> 
  custom:container-muxer-webm: aa71ff27fc2769a1b78a27578f13a17b -> 
  custom:container-demuxer-webm: 4f35f7cbe854078d1ac9338744f61a02 -> 
  custom:container-demuxer-ogg: 62fdf1f143b41e24485cea50d1cbac27 -> 
  custom:video-encoder-webm-vp8: eb34c28f22e8b96e1ab97ce403110664 -> 
  custom:video-decoder-webm-vp8: 9c59270c3fd7afecdb556c50c9e8de78 -> 
  custom:audio-decoder-ogg-vorbis: bf7c407c2cedff20999df2af8eb42d56 -> 
  custom:audio-encoder-webm-vorbis: bf7c407c2cedff20999df2af8eb42d56 -> 
========================================================================
Received Import Request.
  path: Assets
  artifactKey: Guid(00000000000000001000000000000000) Importer(815301076,1909f56bfc062723c751e8b465ee728b)
Start importing Assets using Guid(00000000000000001000000000000000) Importer(815301076,1909f56bfc062723c751e8b465ee728b)  -> (artifact id: '42d402b061de3733987d63b9cc3b64de') in 0.103080 seconds 
  Import took 0.106180 seconds .

========================================================================
Received Import Request.
  Time since last request: 49.207912 seconds.
  path: Assets/Audio
  artifactKey: Guid(39746ef01532b224c9c16700b45e093f) Importer(815301076,1909f56bfc062723c751e8b465ee728b)
Start importing Assets/Audio using Guid(39746ef01532b224c9c16700b45e093f) Importer(815301076,1909f56bfc062723c751e8b465ee728b)  -> (artifact id: '79b7ffa2c1c592c1a9a9c170fb1a3eda') in 0.007365 seconds 
  Import took 0.011186 seconds .

========================================================================
Received Import Request.
  Time since last request: 5.972789 seconds.
  path: Assets/Audio/BGM
  artifactKey: Guid(0e94ba5c977739c4093b86f7df5599f2) Importer(815301076,1909f56bfc062723c751e8b465ee728b)
Start importing Assets/Audio/BGM using Guid(0e94ba5c977739c4093b86f7df5599f2) Importer(815301076,1909f56bfc062723c751e8b465ee728b)  -> (artifact id: '0846f9f1875de2dd2d6f34b6b6a1d590') in 0.007565 seconds 
  Import took 0.010691 seconds .

========================================================================
Received Import Request.
  Time since last request: 5.099448 seconds.
  path: Assets/Audio/SFX
  artifactKey: Guid(8d5a4f446dfee744ca45a3ccb1e6d7f9) Importer(815301076,1909f56bfc062723c751e8b465ee728b)
Start importing Assets/Audio/SFX using Guid(8d5a4f446dfee744ca45a3ccb1e6d7f9) Importer(815301076,1909f56bfc062723c751e8b465ee728b)  -> (artifact id: '4c62b6e9d05b666fc69bd1dd5df168c8') in 0.007126 seconds 
  Import took 0.010981 seconds .

========================================================================
Received Import Request.
  Time since last request: 14.124633 seconds.
  path: Assets/Audio/Audio Mixer.mixer
  artifactKey: Guid(6a8f983fa48dd8e41a5173f779daf8c3) Importer(815301076,1909f56bfc062723c751e8b465ee728b)
Start importing Assets/Audio/Audio Mixer.mixer using Guid(6a8f983fa48dd8e41a5173f779daf8c3) Importer(815301076,1909f56bfc062723c751e8b465ee728b)  -> (artifact id: 'b53300916da6b11a04aa0bb5c8905cb1') in 0.034510 seconds 
  Import took 0.037708 seconds .

========================================================================
Received Import Request.
  Time since last request: 4.305362 seconds.
  path: Assets/Audio/Audio Mixer.mixer
  artifactKey: Guid(6a8f983fa48dd8e41a5173f779daf8c3) Importer(815301076,1909f56bfc062723c751e8b465ee728b)
Start importing Assets/Audio/Audio Mixer.mixer using Guid(6a8f983fa48dd8e41a5173f779daf8c3) Importer(815301076,1909f56bfc062723c751e8b465ee728b)  -> (artifact id: 'dca1d735cdb844063ece6797053c59a8') in 0.002781 seconds 
  Import took 0.005555 seconds .

========================================================================
Received Import Request.
  Time since last request: 0.277082 seconds.
  path: Assets/Audio/Audio Mixer.mixer
  artifactKey: Guid(6a8f983fa48dd8e41a5173f779daf8c3) Importer(815301076,1909f56bfc062723c751e8b465ee728b)
Start importing Assets/Audio/Audio Mixer.mixer using Guid(6a8f983fa48dd8e41a5173f779daf8c3) Importer(815301076,1909f56bfc062723c751e8b465ee728b)  -> (artifact id: 'dca1d735cdb844063ece6797053c59a8') in 0.002765 seconds 
  Import took 0.005715 seconds .

========================================================================
Received Import Request.
  Time since last request: 2.461412 seconds.
  path: Assets/Audio/Audio Mixer.mixer
  artifactKey: Guid(6a8f983fa48dd8e41a5173f779daf8c3) Importer(815301076,1909f56bfc062723c751e8b465ee728b)
Start importing Assets/Audio/Audio Mixer.mixer using Guid(6a8f983fa48dd8e41a5173f779daf8c3) Importer(815301076,1909f56bfc062723c751e8b465ee728b)  -> (artifact id: '9e933b02c37dc26a3c14edf08ab9d7a1') in 0.002767 seconds 
  Import took 0.006507 seconds .

========================================================================
Received Import Request.
  Time since last request: 2.292072 seconds.
  path: Assets/Audio/Audio Mixer.mixer
  artifactKey: Guid(6a8f983fa48dd8e41a5173f779daf8c3) Importer(815301076,1909f56bfc062723c751e8b465ee728b)
Start importing Assets/Audio/Audio Mixer.mixer using Guid(6a8f983fa48dd8e41a5173f779daf8c3) Importer(815301076,1909f56bfc062723c751e8b465ee728b)  -> (artifact id: '67fdb97ea30680c0f6451aeafb74fe48') in 0.002947 seconds 
  Import took 0.006536 seconds .

========================================================================
Received Import Request.
  Time since last request: 0.011341 seconds.
  path: Assets/Audio/Audio Mixer.mixer
  artifactKey: Guid(6a8f983fa48dd8e41a5173f779daf8c3) Importer(815301076,1909f56bfc062723c751e8b465ee728b)
Start importing Assets/Audio/Audio Mixer.mixer using Guid(6a8f983fa48dd8e41a5173f779daf8c3) Importer(815301076,1909f56bfc062723c751e8b465ee728b)  -> (artifact id: '67fdb97ea30680c0f6451aeafb74fe48') in 0.002910 seconds 
  Import took 0.005544 seconds .

========================================================================
Received Import Request.
  Time since last request: 1.524008 seconds.
  path: Assets/Audio/Audio Mixer.mixer
  artifactKey: Guid(6a8f983fa48dd8e41a5173f779daf8c3) Importer(815301076,1909f56bfc062723c751e8b465ee728b)
Start importing Assets/Audio/Audio Mixer.mixer using Guid(6a8f983fa48dd8e41a5173f779daf8c3) Importer(815301076,1909f56bfc062723c751e8b465ee728b)  -> (artifact id: '7d3a21deddb87c1554a3994d12382b20') in 0.003019 seconds 
  Import took 0.006455 seconds .

========================================================================
Received Import Request.
  Time since last request: 114.007471 seconds.
  path: Assets/Font
  artifactKey: Guid(93a7d827541928c4c8603eac2e724274) Importer(815301076,1909f56bfc062723c751e8b465ee728b)
Start importing Assets/Font using Guid(93a7d827541928c4c8603eac2e724274) Importer(815301076,1909f56bfc062723c751e8b465ee728b)  -> (artifact id: '745719775c039ae30a0ede6b969e71f4') in 0.008367 seconds 
  Import took 0.012328 seconds .

========================================================================
Received Import Request.
  Time since last request: 7.917588 seconds.
  path: Assets/Prefab
  artifactKey: Guid(f6c9cd0e877e82640a5ec2a17a45d584) Importer(815301076,1909f56bfc062723c751e8b465ee728b)
Start importing Assets/Prefab using Guid(f6c9cd0e877e82640a5ec2a17a45d584) Importer(815301076,1909f56bfc062723c751e8b465ee728b)  -> (artifact id: '6b881f64baf4f1ad294177b8644e6d54') in 0.007613 seconds 
  Import took 0.011123 seconds .

========================================================================
Received Import Request.
  Time since last request: 70.970730 seconds.
  path: Assets/Script
  artifactKey: Guid(9c096bdea61f3824a9e9119871fe65b1) Importer(815301076,1909f56bfc062723c751e8b465ee728b)
Start importing Assets/Script using Guid(9c096bdea61f3824a9e9119871fe65b1) Importer(815301076,1909f56bfc062723c751e8b465ee728b)  -> (artifact id: '0aa434fe1fd06b8a8a087d27bd271cdb') in 0.008903 seconds 
  Import took 0.105992 seconds .

========================================================================
Received Import Request.
  Time since last request: 12.381420 seconds.
  path: Assets/Script/Data
  artifactKey: Guid(84ad11fdd7fe30d48b8103165ea2c238) Importer(815301076,1909f56bfc062723c751e8b465ee728b)
Start importing Assets/Script/Data using Guid(84ad11fdd7fe30d48b8103165ea2c238) Importer(815301076,1909f56bfc062723c751e8b465ee728b)  -> (artifact id: 'b5ab6b77752ad0446d7a5553c5d806de') in 0.008308 seconds 
  Import took 0.011689 seconds .

========================================================================
Received Import Request.
  Time since last request: 8.639248 seconds.
  path: Assets/Script/Event
  artifactKey: Guid(56e4bfecedcdf6e40ac283e026df178c) Importer(815301076,1909f56bfc062723c751e8b465ee728b)
Start importing Assets/Script/Event using Guid(56e4bfecedcdf6e40ac283e026df178c) Importer(815301076,1909f56bfc062723c751e8b465ee728b)  -> (artifact id: '37f4f549f68cf5ff430d6b71003e818b') in 0.008710 seconds 
  Import took 0.012459 seconds .

========================================================================
Received Import Request.
  Time since last request: 10.975095 seconds.
  path: Assets/Script/Sound
  artifactKey: Guid(64bc20e70ab140a4a9dbd519f8fb412d) Importer(815301076,1909f56bfc062723c751e8b465ee728b)
Start importing Assets/Script/Sound using Guid(64bc20e70ab140a4a9dbd519f8fb412d) Importer(815301076,1909f56bfc062723c751e8b465ee728b)  -> (artifact id: '915c4d16dc50111a269db5739ed5bedb') in 0.007689 seconds 
  Import took 0.012022 seconds .

========================================================================
Received Import Request.
  Time since last request: 6.800272 seconds.
  path: Assets/Script/System
  artifactKey: Guid(3a747b481c4419948a526c756ea5ba81) Importer(815301076,1909f56bfc062723c751e8b465ee728b)
Start importing Assets/Script/System using Guid(3a747b481c4419948a526c756ea5ba81) Importer(815301076,1909f56bfc062723c751e8b465ee728b)  -> (artifact id: '99579299aa307a425e8b663f25fe3f67') in 0.008724 seconds 
  Import took 0.012661 seconds .

========================================================================
Received Import Request.
  Time since last request: 11.142413 seconds.
  path: Assets/UI
  artifactKey: Guid(9bf85e9d1c205164fbd2889c5b4e3ecc) Importer(815301076,1909f56bfc062723c751e8b465ee728b)
Start importing Assets/UI using Guid(9bf85e9d1c205164fbd2889c5b4e3ecc) Importer(815301076,1909f56bfc062723c751e8b465ee728b)  -> (artifact id: '39bec777572160abac576f683e5b33b1') in 0.007347 seconds 
  Import took 0.011838 seconds .

========================================================================
Received Import Request.
  Time since last request: 41.750435 seconds.
  path: Assets/Asset
  artifactKey: Guid(92303b614e75e4c4b86d62263d535da9) Importer(815301076,1909f56bfc062723c751e8b465ee728b)
Start importing Assets/Asset using Guid(92303b614e75e4c4b86d62263d535da9) Importer(815301076,1909f56bfc062723c751e8b465ee728b)  -> (artifact id: '0ef3266cc5dd69bdcfa44c50dc0eebfa') in 0.008851 seconds 
  Import took 0.012382 seconds .

========================================================================
Received Import Request.
  Time since last request: 5.724625 seconds.
  path: Assets/Animation
  artifactKey: Guid(33f21e8c52ec53d4ebcaebeeeaf1c9f5) Importer(815301076,1909f56bfc062723c751e8b465ee728b)
Start importing Assets/Animation using Guid(33f21e8c52ec53d4ebcaebeeeaf1c9f5) Importer(815301076,1909f56bfc062723c751e8b465ee728b)  -> (artifact id: '731a99bd3abcdbe9d65b46f1798739bf') in 0.010438 seconds 
  Import took 0.013742 seconds .

========================================================================
Received Import Request.
  Time since last request: 41.196038 seconds.
  path: Assets/Scenes
  artifactKey: Guid(f132be3402524c64ab9756813110ff1b) Importer(815301076,1909f56bfc062723c751e8b465ee728b)
Start importing Assets/Scenes using Guid(f132be3402524c64ab9756813110ff1b) Importer(815301076,1909f56bfc062723c751e8b465ee728b)  -> (artifact id: '4b3f318dab8e66cb2eaf62ad94544992') in 0.007600 seconds 
  Import took 0.011810 seconds .

========================================================================
Received Import Request.
  Time since last request: 6.828843 seconds.
  path: Assets/Script/System/CS_SceneManager.cs
  artifactKey: Guid(173f1c4d857099a4680069c626c93e45) Importer(815301076,1909f56bfc062723c751e8b465ee728b)
Start importing Assets/Script/System/CS_SceneManager.cs using Guid(173f1c4d857099a4680069c626c93e45) Importer(815301076,1909f56bfc062723c751e8b465ee728b)  -> (artifact id: '3afd05f218f6819e8b3924a770d39841') in 0.016132 seconds 
  Import took 0.019295 seconds .

========================================================================
Received Prepare
Registering precompiled user dll's ...
Registered in 0.003224 seconds.
Begin MonoManager ReloadAssembly
Native extension for WindowsStandalone target not found
Refreshing native plugins compatible for Editor in 0.54 ms, found 3 plugins.
Preloading 0 native plugins for Editor in 0.00 ms.
Mono: successfully reloaded assembly
- Completed reload, in  1.256 seconds
Domain Reload Profiling:
	ReloadAssembly (1256ms)
		BeginReloadAssembly (123ms)
			ExecutionOrderSort (0ms)
			DisableScriptedObjects (6ms)
			BackupInstance (0ms)
			ReleaseScriptingObjects (0ms)
			CreateAndSetChildDomain (39ms)
		EndReloadAssembly (1072ms)
			LoadAssemblies (91ms)
			RebuildTransferFunctionScriptingTraits (0ms)
			SetupTypeCache (269ms)
			ReleaseScriptCaches (1ms)
			RebuildScriptCaches (78ms)
			SetupLoadedEditorAssemblies (529ms)
				LogAssemblyErrors (0ms)
				InitializePlatformSupportModulesInManaged (6ms)
				SetLoadedEditorAssemblies (0ms)
				RefreshPlugins (1ms)
				BeforeProcessingInitializeOnLoad (142ms)
				ProcessInitializeOnLoadAttributes (355ms)
				ProcessInitializeOnLoadMethodAttributes (7ms)
				AfterProcessingInitializeOnLoad (18ms)
				EditorAssembliesLoaded (1ms)
			ExecutionOrderSort2 (0ms)
			AwakeInstancesAfterBackupRestoration (13ms)
Platform modules already initialized, skipping
Refreshing native plugins compatible for Editor in 0.59 ms, found 3 plugins.
Preloading 0 native plugins for Editor in 0.00 ms.
Unloading 2081 Unused Serialized files (Serialized files now loaded: 0)
System memory in use before: 92.5 MB.
System memory in use after: 92.6 MB.

Unloading 14 unused Assets to reduce memory usage. Loaded Objects now: 2533.
Total: 3.428600 ms (FindLiveObjects: 0.214300 ms CreateObjectMapping: 0.046900 ms MarkObjects: 3.121900 ms  DeleteObjects: 0.043600 ms)

AssetImportParameters requested are different than current active one (requested -> active):
  custom:framework-win-MediaFoundation: 216162199b28c13a410421893ffa2e32 -> 
  custom:video-decoder-ogg-theora: a1e56fd34408186e4bbccfd4996cb3dc -> 
  custom:container-muxer-webm: aa71ff27fc2769a1b78a27578f13a17b -> 
  custom:container-demuxer-webm: 4f35f7cbe854078d1ac9338744f61a02 -> 
  custom:container-demuxer-ogg: 62fdf1f143b41e24485cea50d1cbac27 -> 
  custom:video-encoder-webm-vp8: eb34c28f22e8b96e1ab97ce403110664 -> 
  custom:video-decoder-webm-vp8: 9c59270c3fd7afecdb556c50c9e8de78 -> 
  custom:audio-decoder-ogg-vorbis: bf7c407c2cedff20999df2af8eb42d56 -> 
  custom:audio-encoder-webm-vorbis: bf7c407c2cedff20999df2af8eb42d56 -> 
========================================================================
Received Import Request.
  Time since last request: 412.645457 seconds.
  path: Assets/Script/System/CS_SceneManager.cs
  artifactKey: Guid(173f1c4d857099a4680069c626c93e45) Importer(815301076,1909f56bfc062723c751e8b465ee728b)
Start importing Assets/Script/System/CS_SceneManager.cs using Guid(173f1c4d857099a4680069c626c93e45) Importer(815301076,1909f56bfc062723c751e8b465ee728b)  -> (artifact id: 'a7cd42e482d85f9062bec238fe0f0a0b') in 0.006730 seconds 
  Import took 0.011537 seconds .

========================================================================
Received Import Request.
  Time since last request: 334.936269 seconds.
  path: Assets/Script/System/CS_GameSoundManager.cs
  artifactKey: Guid(412e20b1c28dc084983370b53d4b8dea) Importer(815301076,1909f56bfc062723c751e8b465ee728b)
Start importing Assets/Script/System/CS_GameSoundManager.cs using Guid(412e20b1c28dc084983370b53d4b8dea) Importer(815301076,1909f56bfc062723c751e8b465ee728b)  -> (artifact id: '3107f670a93285e61d3b38f8cc832407') in 0.008806 seconds 
  Import took 0.013022 seconds .

========================================================================
Received Import Request.
  Time since last request: 132.933591 seconds.
  path: Assets/Script/System/CS_GameSoundManager.cs
  artifactKey: Guid(412e20b1c28dc084983370b53d4b8dea) Importer(815301076,1909f56bfc062723c751e8b465ee728b)
Start importing Assets/Script/System/CS_GameSoundManager.cs using Guid(412e20b1c28dc084983370b53d4b8dea) Importer(815301076,1909f56bfc062723c751e8b465ee728b)  -> (artifact id: '658dffd158edda99269816ce48c62767') in 0.002755 seconds 
  Import took 0.007040 seconds .

========================================================================
Received Import Request.
  Time since last request: 347.525453 seconds.
  path: Assets/Script/Abstract
  artifactKey: Guid(b59486acd4c01a84ba0d9b1f5ca169d3) Importer(815301076,1909f56bfc062723c751e8b465ee728b)
Start importing Assets/Script/Abstract using Guid(b59486acd4c01a84ba0d9b1f5ca169d3) Importer(815301076,1909f56bfc062723c751e8b465ee728b)  -> (artifact id: 'a46e4f6cd635949e5a1a192d1da19363') in 0.009101 seconds 
  Import took 0.012797 seconds .

========================================================================
Received Import Request.
  Time since last request: 5.378018 seconds.
  path: Assets/Script/Abstract/SingleTon.cs
  artifactKey: Guid(2fa5dec0d49b97649bbfed170bb6ef35) Importer(815301076,1909f56bfc062723c751e8b465ee728b)
Start importing Assets/Script/Abstract/SingleTon.cs using Guid(2fa5dec0d49b97649bbfed170bb6ef35) Importer(815301076,1909f56bfc062723c751e8b465ee728b)  -> (artifact id: 'eaed3c70b9c56c0b841d0d16327e344c') in 0.008710 seconds 
  Import took 0.012717 seconds .

========================================================================
Received Import Request.
  Time since last request: 187.990967 seconds.
  path: Assets/Script/Data/SystemData.cs
  artifactKey: Guid(8ba03f47b3652cc4489a7f22c7af1984) Importer(815301076,1909f56bfc062723c751e8b465ee728b)
Start importing Assets/Script/Data/SystemData.cs using Guid(8ba03f47b3652cc4489a7f22c7af1984) Importer(815301076,1909f56bfc062723c751e8b465ee728b)  -> (artifact id: '5a503204681446377827b25e02034e2f') in 0.007403 seconds 
  Import took 0.011608 seconds .

========================================================================
Received Prepare
Registering precompiled user dll's ...
Registered in 0.006886 seconds.
Begin MonoManager ReloadAssembly
Native extension for WindowsStandalone target not found
Refreshing native plugins compatible for Editor in 0.56 ms, found 3 plugins.
Preloading 0 native plugins for Editor in 0.00 ms.
Mono: successfully reloaded assembly
- Completed reload, in  0.971 seconds
Domain Reload Profiling:
	ReloadAssembly (972ms)
		BeginReloadAssembly (119ms)
			ExecutionOrderSort (0ms)
			DisableScriptedObjects (7ms)
			BackupInstance (0ms)
			ReleaseScriptingObjects (0ms)
			CreateAndSetChildDomain (37ms)
		EndReloadAssembly (790ms)
			LoadAssemblies (91ms)
			RebuildTransferFunctionScriptingTraits (0ms)
			SetupTypeCache (267ms)
			ReleaseScriptCaches (1ms)
			RebuildScriptCaches (44ms)
			SetupLoadedEditorAssemblies (285ms)
				LogAssemblyErrors (0ms)
				InitializePlatformSupportModulesInManaged (6ms)
				SetLoadedEditorAssemblies (0ms)
				RefreshPlugins (1ms)
				BeforeProcessingInitializeOnLoad (101ms)
				ProcessInitializeOnLoadAttributes (168ms)
				ProcessInitializeOnLoadMethodAttributes (4ms)
				AfterProcessingInitializeOnLoad (4ms)
				EditorAssembliesLoaded (0ms)
			ExecutionOrderSort2 (0ms)
			AwakeInstancesAfterBackupRestoration (10ms)
Platform modules already initialized, skipping
Refreshing native plugins compatible for Editor in 0.89 ms, found 3 plugins.
Preloading 0 native plugins for Editor in 0.00 ms.
Unloading 2084 Unused Serialized files (Serialized files now loaded: 0)
System memory in use before: 92.6 MB.
System memory in use after: 92.8 MB.

Unloading 14 unused Assets to reduce memory usage. Loaded Objects now: 2539.
Total: 2.622600 ms (FindLiveObjects: 0.206800 ms CreateObjectMapping: 0.043500 ms MarkObjects: 2.357300 ms  DeleteObjects: 0.014000 ms)

AssetImportParameters requested are different than current active one (requested -> active):
  custom:framework-win-MediaFoundation: 216162199b28c13a410421893ffa2e32 -> 
  custom:video-decoder-ogg-theora: a1e56fd34408186e4bbccfd4996cb3dc -> 
  custom:container-muxer-webm: aa71ff27fc2769a1b78a27578f13a17b -> 
  custom:container-demuxer-webm: 4f35f7cbe854078d1ac9338744f61a02 -> 
  custom:container-demuxer-ogg: 62fdf1f143b41e24485cea50d1cbac27 -> 
  custom:video-encoder-webm-vp8: eb34c28f22e8b96e1ab97ce403110664 -> 
  custom:video-decoder-webm-vp8: 9c59270c3fd7afecdb556c50c9e8de78 -> 
  custom:audio-decoder-ogg-vorbis: bf7c407c2cedff20999df2af8eb42d56 -> 
  custom:audio-encoder-webm-vorbis: bf7c407c2cedff20999df2af8eb42d56 -> 
========================================================================
Received Prepare
Registering precompiled user dll's ...
Registered in 0.002926 seconds.
Begin MonoManager ReloadAssembly
Native extension for WindowsStandalone target not found
Refreshing native plugins compatible for Editor in 0.69 ms, found 3 plugins.
Preloading 0 native plugins for Editor in 0.00 ms.
Mono: successfully reloaded assembly
- Completed reload, in  0.926 seconds
Domain Reload Profiling:
	ReloadAssembly (927ms)
		BeginReloadAssembly (110ms)
			ExecutionOrderSort (0ms)
			DisableScriptedObjects (6ms)
			BackupInstance (0ms)
			ReleaseScriptingObjects (0ms)
			CreateAndSetChildDomain (35ms)
		EndReloadAssembly (757ms)
			LoadAssemblies (86ms)
			RebuildTransferFunctionScriptingTraits (0ms)
			SetupTypeCache (245ms)
			ReleaseScriptCaches (1ms)
			RebuildScriptCaches (41ms)
			SetupLoadedEditorAssemblies (275ms)
				LogAssemblyErrors (0ms)
				InitializePlatformSupportModulesInManaged (5ms)
				SetLoadedEditorAssemblies (0ms)
				RefreshPlugins (1ms)
				BeforeProcessingInitializeOnLoad (95ms)
				ProcessInitializeOnLoadAttributes (162ms)
				ProcessInitializeOnLoadMethodAttributes (5ms)
				AfterProcessingInitializeOnLoad (6ms)
				EditorAssembliesLoaded (0ms)
			ExecutionOrderSort2 (0ms)
			AwakeInstancesAfterBackupRestoration (10ms)
Platform modules already initialized, skipping
Refreshing native plugins compatible for Editor in 0.55 ms, found 3 plugins.
Preloading 0 native plugins for Editor in 0.00 ms.
Unloading 2084 Unused Serialized files (Serialized files now loaded: 0)
System memory in use before: 92.7 MB.
System memory in use after: 92.8 MB.

Unloading 14 unused Assets to reduce memory usage. Loaded Objects now: 2542.
Total: 2.975500 ms (FindLiveObjects: 0.305700 ms CreateObjectMapping: 0.050300 ms MarkObjects: 2.586700 ms  DeleteObjects: 0.031200 ms)

AssetImportParameters requested are different than current active one (requested -> active):
  custom:framework-win-MediaFoundation: 216162199b28c13a410421893ffa2e32 -> 
  custom:video-decoder-ogg-theora: a1e56fd34408186e4bbccfd4996cb3dc -> 
  custom:container-muxer-webm: aa71ff27fc2769a1b78a27578f13a17b -> 
  custom:container-demuxer-webm: 4f35f7cbe854078d1ac9338744f61a02 -> 
  custom:container-demuxer-ogg: 62fdf1f143b41e24485cea50d1cbac27 -> 
  custom:video-encoder-webm-vp8: eb34c28f22e8b96e1ab97ce403110664 -> 
  custom:video-decoder-webm-vp8: 9c59270c3fd7afecdb556c50c9e8de78 -> 
  custom:audio-decoder-ogg-vorbis: bf7c407c2cedff20999df2af8eb42d56 -> 
  custom:audio-encoder-webm-vorbis: bf7c407c2cedff20999df2af8eb42d56 -> 
========================================================================
Received Import Request.
  Time since last request: 1876.871099 seconds.
  path: Assets/Script/System/CS_SaveLoadManager.cs
  artifactKey: Guid(37c52ec7467560b479a1a5a93a3e970f) Importer(815301076,1909f56bfc062723c751e8b465ee728b)
Start importing Assets/Script/System/CS_SaveLoadManager.cs using Guid(37c52ec7467560b479a1a5a93a3e970f) Importer(815301076,1909f56bfc062723c751e8b465ee728b)  -> (artifact id: 'e18e4654cd89af965f3ccfe627b2ea8f') in 0.013209 seconds 
  Import took 0.017370 seconds .

========================================================================
Received Import Request.
  Time since last request: 0.000452 seconds.
  path: Assets/Script/System/CS_SaveLoadManager.cs
  artifactKey: Guid(37c52ec7467560b479a1a5a93a3e970f) Importer(815301076,1909f56bfc062723c751e8b465ee728b)
Start importing Assets/Script/System/CS_SaveLoadManager.cs using Guid(37c52ec7467560b479a1a5a93a3e970f) Importer(815301076,1909f56bfc062723c751e8b465ee728b)  -> (artifact id: 'e18e4654cd89af965f3ccfe627b2ea8f') in 0.002388 seconds 
  Import took 0.005194 seconds .

========================================================================
Received Prepare
Registering precompiled user dll's ...
Registered in 0.002916 seconds.
Begin MonoManager ReloadAssembly
Native extension for WindowsStandalone target not found
Refreshing native plugins compatible for Editor in 0.55 ms, found 3 plugins.
Preloading 0 native plugins for Editor in 0.00 ms.
Mono: successfully reloaded assembly
- Completed reload, in  1.056 seconds
Domain Reload Profiling:
	ReloadAssembly (1056ms)
		BeginReloadAssembly (122ms)
			ExecutionOrderSort (0ms)
			DisableScriptedObjects (7ms)
			BackupInstance (0ms)
			ReleaseScriptingObjects (0ms)
			CreateAndSetChildDomain (38ms)
		EndReloadAssembly (867ms)
			LoadAssemblies (104ms)
			RebuildTransferFunctionScriptingTraits (0ms)
			SetupTypeCache (323ms)
			ReleaseScriptCaches (1ms)
			RebuildScriptCaches (43ms)
			SetupLoadedEditorAssemblies (300ms)
				LogAssemblyErrors (0ms)
				InitializePlatformSupportModulesInManaged (6ms)
				SetLoadedEditorAssemblies (0ms)
				RefreshPlugins (1ms)
				BeforeProcessingInitializeOnLoad (101ms)
				ProcessInitializeOnLoadAttributes (184ms)
				ProcessInitializeOnLoadMethodAttributes (3ms)
				AfterProcessingInitializeOnLoad (4ms)
				EditorAssembliesLoaded (0ms)
			ExecutionOrderSort2 (0ms)
			AwakeInstancesAfterBackupRestoration (8ms)
Platform modules already initialized, skipping
Refreshing native plugins compatible for Editor in 0.52 ms, found 3 plugins.
Preloading 0 native plugins for Editor in 0.00 ms.
Unloading 2085 Unused Serialized files (Serialized files now loaded: 0)
System memory in use before: 92.7 MB.
System memory in use after: 92.8 MB.

Unloading 14 unused Assets to reduce memory usage. Loaded Objects now: 2546.
Total: 3.459700 ms (FindLiveObjects: 0.311600 ms CreateObjectMapping: 0.056000 ms MarkObjects: 3.064500 ms  DeleteObjects: 0.026400 ms)

AssetImportParameters requested are different than current active one (requested -> active):
  custom:framework-win-MediaFoundation: 216162199b28c13a410421893ffa2e32 -> 
  custom:video-decoder-ogg-theora: a1e56fd34408186e4bbccfd4996cb3dc -> 
  custom:container-muxer-webm: aa71ff27fc2769a1b78a27578f13a17b -> 
  custom:container-demuxer-webm: 4f35f7cbe854078d1ac9338744f61a02 -> 
  custom:container-demuxer-ogg: 62fdf1f143b41e24485cea50d1cbac27 -> 
  custom:video-encoder-webm-vp8: eb34c28f22e8b96e1ab97ce403110664 -> 
  custom:video-decoder-webm-vp8: 9c59270c3fd7afecdb556c50c9e8de78 -> 
  custom:audio-decoder-ogg-vorbis: bf7c407c2cedff20999df2af8eb42d56 -> 
  custom:audio-encoder-webm-vorbis: bf7c407c2cedff20999df2af8eb42d56 -> 
========================================================================
Received Prepare
Registering precompiled user dll's ...
Registered in 0.003058 seconds.
Begin MonoManager ReloadAssembly
Native extension for WindowsStandalone target not found
Refreshing native plugins compatible for Editor in 0.52 ms, found 3 plugins.
Preloading 0 native plugins for Editor in 0.00 ms.
Mono: successfully reloaded assembly
- Completed reload, in  0.888 seconds
Domain Reload Profiling:
	ReloadAssembly (889ms)
		BeginReloadAssembly (101ms)
			ExecutionOrderSort (0ms)
			DisableScriptedObjects (7ms)
			BackupInstance (0ms)
			ReleaseScriptingObjects (0ms)
			CreateAndSetChildDomain (32ms)
		EndReloadAssembly (729ms)
			LoadAssemblies (84ms)
			RebuildTransferFunctionScriptingTraits (0ms)
			SetupTypeCache (247ms)
			ReleaseScriptCaches (1ms)
			RebuildScriptCaches (42ms)
			SetupLoadedEditorAssemblies (268ms)
				LogAssemblyErrors (0ms)
				InitializePlatformSupportModulesInManaged (5ms)
				SetLoadedEditorAssemblies (1ms)
				RefreshPlugins (1ms)
				BeforeProcessingInitializeOnLoad (93ms)
				ProcessInitializeOnLoadAttributes (161ms)
				ProcessInitializeOnLoadMethodAttributes (3ms)
				AfterProcessingInitializeOnLoad (4ms)
				EditorAssembliesLoaded (0ms)
			ExecutionOrderSort2 (0ms)
			AwakeInstancesAfterBackupRestoration (6ms)
Platform modules already initialized, skipping
Refreshing native plugins compatible for Editor in 0.54 ms, found 3 plugins.
Preloading 0 native plugins for Editor in 0.00 ms.
Unloading 2085 Unused Serialized files (Serialized files now loaded: 0)
System memory in use before: 92.7 MB.
System memory in use after: 92.8 MB.

Unloading 14 unused Assets to reduce memory usage. Loaded Objects now: 2549.
Total: 2.868900 ms (FindLiveObjects: 0.248000 ms CreateObjectMapping: 0.045600 ms MarkObjects: 2.559800 ms  DeleteObjects: 0.014100 ms)

AssetImportParameters requested are different than current active one (requested -> active):
  custom:framework-win-MediaFoundation: 216162199b28c13a410421893ffa2e32 -> 
  custom:video-decoder-ogg-theora: a1e56fd34408186e4bbccfd4996cb3dc -> 
  custom:container-muxer-webm: aa71ff27fc2769a1b78a27578f13a17b -> 
  custom:container-demuxer-webm: 4f35f7cbe854078d1ac9338744f61a02 -> 
  custom:container-demuxer-ogg: 62fdf1f143b41e24485cea50d1cbac27 -> 
  custom:video-encoder-webm-vp8: eb34c28f22e8b96e1ab97ce403110664 -> 
  custom:video-decoder-webm-vp8: 9c59270c3fd7afecdb556c50c9e8de78 -> 
  custom:audio-decoder-ogg-vorbis: bf7c407c2cedff20999df2af8eb42d56 -> 
  custom:audio-encoder-webm-vorbis: bf7c407c2cedff20999df2af8eb42d56 -> 
========================================================================
Received Prepare
Registering precompiled user dll's ...
Registered in 0.002678 seconds.
Begin MonoManager ReloadAssembly
Native extension for WindowsStandalone target not found
Refreshing native plugins compatible for Editor in 0.52 ms, found 3 plugins.
Preloading 0 native plugins for Editor in 0.00 ms.
Mono: successfully reloaded assembly
- Completed reload, in  0.890 seconds
Domain Reload Profiling:
	ReloadAssembly (890ms)
		BeginReloadAssembly (99ms)
			ExecutionOrderSort (0ms)
			DisableScriptedObjects (7ms)
			BackupInstance (0ms)
			ReleaseScriptingObjects (0ms)
			CreateAndSetChildDomain (32ms)
		EndReloadAssembly (732ms)
			LoadAssemblies (76ms)
			RebuildTransferFunctionScriptingTraits (0ms)
			SetupTypeCache (244ms)
			ReleaseScriptCaches (1ms)
			RebuildScriptCaches (41ms)
			SetupLoadedEditorAssemblies (265ms)
				LogAssemblyErrors (0ms)
				InitializePlatformSupportModulesInManaged (6ms)
				SetLoadedEditorAssemblies (0ms)
				RefreshPlugins (1ms)
				BeforeProcessingInitializeOnLoad (93ms)
				ProcessInitializeOnLoadAttributes (159ms)
				ProcessInitializeOnLoadMethodAttributes (3ms)
				AfterProcessingInitializeOnLoad (3ms)
				EditorAssembliesLoaded (0ms)
			ExecutionOrderSort2 (0ms)
			AwakeInstancesAfterBackupRestoration (11ms)
Platform modules already initialized, skipping
Refreshing native plugins compatible for Editor in 0.49 ms, found 3 plugins.
Preloading 0 native plugins for Editor in 0.00 ms.
Unloading 2085 Unused Serialized files (Serialized files now loaded: 0)
System memory in use before: 92.7 MB.
System memory in use after: 92.8 MB.

Unloading 14 unused Assets to reduce memory usage. Loaded Objects now: 2552.
Total: 2.588800 ms (FindLiveObjects: 0.206800 ms CreateObjectMapping: 0.046900 ms MarkObjects: 2.321400 ms  DeleteObjects: 0.012700 ms)

AssetImportParameters requested are different than current active one (requested -> active):
  custom:framework-win-MediaFoundation: 216162199b28c13a410421893ffa2e32 -> 
  custom:video-decoder-ogg-theora: a1e56fd34408186e4bbccfd4996cb3dc -> 
  custom:container-muxer-webm: aa71ff27fc2769a1b78a27578f13a17b -> 
  custom:container-demuxer-webm: 4f35f7cbe854078d1ac9338744f61a02 -> 
  custom:container-demuxer-ogg: 62fdf1f143b41e24485cea50d1cbac27 -> 
  custom:video-encoder-webm-vp8: eb34c28f22e8b96e1ab97ce403110664 -> 
  custom:video-decoder-webm-vp8: 9c59270c3fd7afecdb556c50c9e8de78 -> 
  custom:audio-decoder-ogg-vorbis: bf7c407c2cedff20999df2af8eb42d56 -> 
  custom:audio-encoder-webm-vorbis: bf7c407c2cedff20999df2af8eb42d56 -> 
========================================================================
Received Prepare
Registering precompiled user dll's ...
Registered in 0.002931 seconds.
Begin MonoManager ReloadAssembly
Native extension for WindowsStandalone target not found
Refreshing native plugins compatible for Editor in 0.59 ms, found 3 plugins.
Preloading 0 native plugins for Editor in 0.00 ms.
Mono: successfully reloaded assembly
- Completed reload, in  0.893 seconds
Domain Reload Profiling:
	ReloadAssembly (893ms)
		BeginReloadAssembly (91ms)
			ExecutionOrderSort (0ms)
			DisableScriptedObjects (7ms)
			BackupInstance (0ms)
			ReleaseScriptingObjects (0ms)
			CreateAndSetChildDomain (32ms)
		EndReloadAssembly (744ms)
			LoadAssemblies (72ms)
			RebuildTransferFunctionScriptingTraits (0ms)
			SetupTypeCache (244ms)
			ReleaseScriptCaches (1ms)
			RebuildScriptCaches (40ms)
			SetupLoadedEditorAssemblies (279ms)
				LogAssemblyErrors (0ms)
				InitializePlatformSupportModulesInManaged (5ms)
				SetLoadedEditorAssemblies (0ms)
				RefreshPlugins (1ms)
				BeforeProcessingInitializeOnLoad (94ms)
				ProcessInitializeOnLoadAttributes (167ms)
				ProcessInitializeOnLoadMethodAttributes (6ms)
				AfterProcessingInitializeOnLoad (6ms)
				EditorAssembliesLoaded (0ms)
			ExecutionOrderSort2 (0ms)
			AwakeInstancesAfterBackupRestoration (11ms)
Platform modules already initialized, skipping
Refreshing native plugins compatible for Editor in 0.53 ms, found 3 plugins.
Preloading 0 native plugins for Editor in 0.00 ms.
Unloading 2085 Unused Serialized files (Serialized files now loaded: 0)
System memory in use before: 92.7 MB.
System memory in use after: 92.9 MB.

Unloading 14 unused Assets to reduce memory usage. Loaded Objects now: 2555.
Total: 2.585700 ms (FindLiveObjects: 0.188000 ms CreateObjectMapping: 0.046000 ms MarkObjects: 2.338200 ms  DeleteObjects: 0.012500 ms)

AssetImportParameters requested are different than current active one (requested -> active):
  custom:framework-win-MediaFoundation: 216162199b28c13a410421893ffa2e32 -> 
  custom:video-decoder-ogg-theora: a1e56fd34408186e4bbccfd4996cb3dc -> 
  custom:container-muxer-webm: aa71ff27fc2769a1b78a27578f13a17b -> 
  custom:container-demuxer-webm: 4f35f7cbe854078d1ac9338744f61a02 -> 
  custom:container-demuxer-ogg: 62fdf1f143b41e24485cea50d1cbac27 -> 
  custom:video-encoder-webm-vp8: eb34c28f22e8b96e1ab97ce403110664 -> 
  custom:video-decoder-webm-vp8: 9c59270c3fd7afecdb556c50c9e8de78 -> 
  custom:audio-decoder-ogg-vorbis: bf7c407c2cedff20999df2af8eb42d56 -> 
  custom:audio-encoder-webm-vorbis: bf7c407c2cedff20999df2af8eb42d56 -> 
========================================================================
Received Prepare
Registering precompiled user dll's ...
Registered in 0.002747 seconds.
Begin MonoManager ReloadAssembly
Native extension for WindowsStandalone target not found
Refreshing native plugins compatible for Editor in 0.52 ms, found 3 plugins.
Preloading 0 native plugins for Editor in 0.00 ms.
Mono: successfully reloaded assembly
- Completed reload, in  0.920 seconds
Domain Reload Profiling:
	ReloadAssembly (920ms)
		BeginReloadAssembly (107ms)
			ExecutionOrderSort (0ms)
			DisableScriptedObjects (6ms)
			BackupInstance (0ms)
			ReleaseScriptingObjects (0ms)
			CreateAndSetChildDomain (31ms)
		EndReloadAssembly (753ms)
			LoadAssemblies (87ms)
			RebuildTransferFunctionScriptingTraits (0ms)
			SetupTypeCache (247ms)
			ReleaseScriptCaches (1ms)
			RebuildScriptCaches (41ms)
			SetupLoadedEditorAssemblies (285ms)
				LogAssemblyErrors (0ms)
				InitializePlatformSupportModulesInManaged (5ms)
				SetLoadedEditorAssemblies (0ms)
				RefreshPlugins (1ms)
				BeforeProcessingInitializeOnLoad (95ms)
				ProcessInitializeOnLoadAttributes (171ms)
				ProcessInitializeOnLoadMethodAttributes (5ms)
				AfterProcessingInitializeOnLoad (8ms)
				EditorAssembliesLoaded (0ms)
			ExecutionOrderSort2 (0ms)
			AwakeInstancesAfterBackupRestoration (9ms)
Platform modules already initialized, skipping
Refreshing native plugins compatible for Editor in 0.53 ms, found 3 plugins.
Preloading 0 native plugins for Editor in 0.00 ms.
Unloading 2085 Unused Serialized files (Serialized files now loaded: 0)
System memory in use before: 92.7 MB.
System memory in use after: 92.9 MB.

Unloading 14 unused Assets to reduce memory usage. Loaded Objects now: 2558.
Total: 2.594800 ms (FindLiveObjects: 0.198400 ms CreateObjectMapping: 0.045000 ms MarkObjects: 2.337800 ms  DeleteObjects: 0.012700 ms)

AssetImportParameters requested are different than current active one (requested -> active):
  custom:framework-win-MediaFoundation: 216162199b28c13a410421893ffa2e32 -> 
  custom:video-decoder-ogg-theora: a1e56fd34408186e4bbccfd4996cb3dc -> 
  custom:container-muxer-webm: aa71ff27fc2769a1b78a27578f13a17b -> 
  custom:container-demuxer-webm: 4f35f7cbe854078d1ac9338744f61a02 -> 
  custom:container-demuxer-ogg: 62fdf1f143b41e24485cea50d1cbac27 -> 
  custom:video-encoder-webm-vp8: eb34c28f22e8b96e1ab97ce403110664 -> 
  custom:video-decoder-webm-vp8: 9c59270c3fd7afecdb556c50c9e8de78 -> 
  custom:audio-decoder-ogg-vorbis: bf7c407c2cedff20999df2af8eb42d56 -> 
  custom:audio-encoder-webm-vorbis: bf7c407c2cedff20999df2af8eb42d56 -> 
========================================================================
Received Import Request.
  Time since last request: 163.225264 seconds.
  path: Assets/Script/System/CS_SaveLoadManager.cs
  artifactKey: Guid(37c52ec7467560b479a1a5a93a3e970f) Importer(815301076,1909f56bfc062723c751e8b465ee728b)
Start importing Assets/Script/System/CS_SaveLoadManager.cs using Guid(37c52ec7467560b479a1a5a93a3e970f) Importer(815301076,1909f56bfc062723c751e8b465ee728b)  -> (artifact id: 'b8906289f913f8fdbdc486f4465c0611') in 0.004720 seconds 
  Import took 0.007900 seconds .

========================================================================
Received Import Request.
  Time since last request: 0.020552 seconds.
  path: Assets/Script/System/CS_SaveLoadManager.cs
  artifactKey: Guid(37c52ec7467560b479a1a5a93a3e970f) Importer(815301076,1909f56bfc062723c751e8b465ee728b)
Start importing Assets/Script/System/CS_SaveLoadManager.cs using Guid(37c52ec7467560b479a1a5a93a3e970f) Importer(815301076,1909f56bfc062723c751e8b465ee728b)  -> (artifact id: 'b8906289f913f8fdbdc486f4465c0611') in 0.002891 seconds 
  Import took 0.006703 seconds .

========================================================================
Received Prepare
Registering precompiled user dll's ...
Registered in 0.002864 seconds.
Begin MonoManager ReloadAssembly
Native extension for WindowsStandalone target not found
Refreshing native plugins compatible for Editor in 0.52 ms, found 3 plugins.
Preloading 0 native plugins for Editor in 0.00 ms.
Mono: successfully reloaded assembly
- Completed reload, in  0.853 seconds
Domain Reload Profiling:
	ReloadAssembly (854ms)
		BeginReloadAssembly (101ms)
			ExecutionOrderSort (0ms)
			DisableScriptedObjects (6ms)
			BackupInstance (0ms)
			ReleaseScriptingObjects (0ms)
			CreateAndSetChildDomain (30ms)
		EndReloadAssembly (696ms)
			LoadAssemblies (78ms)
			RebuildTransferFunctionScriptingTraits (0ms)
			SetupTypeCache (230ms)
			ReleaseScriptCaches (1ms)
			RebuildScriptCaches (37ms)
			SetupLoadedEditorAssemblies (260ms)
				LogAssemblyErrors (0ms)
				InitializePlatformSupportModulesInManaged (5ms)
				SetLoadedEditorAssemblies (1ms)
				RefreshPlugins (1ms)
				BeforeProcessingInitializeOnLoad (86ms)
				ProcessInitializeOnLoadAttributes (156ms)
				ProcessInitializeOnLoadMethodAttributes (6ms)
				AfterProcessingInitializeOnLoad (6ms)
				EditorAssembliesLoaded (0ms)
			ExecutionOrderSort2 (0ms)
			AwakeInstancesAfterBackupRestoration (10ms)
Platform modules already initialized, skipping
Refreshing native plugins compatible for Editor in 0.51 ms, found 3 plugins.
Preloading 0 native plugins for Editor in 0.00 ms.
Unloading 2085 Unused Serialized files (Serialized files now loaded: 0)
System memory in use before: 92.8 MB.
System memory in use after: 92.9 MB.

Unloading 14 unused Assets to reduce memory usage. Loaded Objects now: 2561.
Total: 2.632500 ms (FindLiveObjects: 0.207100 ms CreateObjectMapping: 0.046000 ms MarkObjects: 2.357800 ms  DeleteObjects: 0.020900 ms)

AssetImportParameters requested are different than current active one (requested -> active):
  custom:framework-win-MediaFoundation: 216162199b28c13a410421893ffa2e32 -> 
  custom:video-decoder-ogg-theora: a1e56fd34408186e4bbccfd4996cb3dc -> 
  custom:container-muxer-webm: aa71ff27fc2769a1b78a27578f13a17b -> 
  custom:container-demuxer-webm: 4f35f7cbe854078d1ac9338744f61a02 -> 
  custom:container-demuxer-ogg: 62fdf1f143b41e24485cea50d1cbac27 -> 
  custom:video-encoder-webm-vp8: eb34c28f22e8b96e1ab97ce403110664 -> 
  custom:video-decoder-webm-vp8: 9c59270c3fd7afecdb556c50c9e8de78 -> 
  custom:audio-decoder-ogg-vorbis: bf7c407c2cedff20999df2af8eb42d56 -> 
  custom:audio-encoder-webm-vorbis: bf7c407c2cedff20999df2af8eb42d56 -> 
========================================================================
Received Import Request.
  Time since last request: 2157.302055 seconds.
  path: Assets/Script/System/CS_SaveLoadManager.cs
  artifactKey: Guid(37c52ec7467560b479a1a5a93a3e970f) Importer(815301076,1909f56bfc062723c751e8b465ee728b)
Start importing Assets/Script/System/CS_SaveLoadManager.cs using Guid(37c52ec7467560b479a1a5a93a3e970f) Importer(815301076,1909f56bfc062723c751e8b465ee728b)  -> (artifact id: 'fdc797d1eef5c0f0c16aaba93950963f') in 0.014447 seconds 
  Import took 0.020007 seconds .

========================================================================
Received Import Request.
  Time since last request: 0.005527 seconds.
  path: Assets/Script/System/CS_SaveLoadManager.cs
  artifactKey: Guid(37c52ec7467560b479a1a5a93a3e970f) Importer(815301076,1909f56bfc062723c751e8b465ee728b)
Start importing Assets/Script/System/CS_SaveLoadManager.cs using Guid(37c52ec7467560b479a1a5a93a3e970f) Importer(815301076,1909f56bfc062723c751e8b465ee728b)  -> (artifact id: 'fdc797d1eef5c0f0c16aaba93950963f') in 0.003082 seconds 
  Import took 0.007157 seconds .

========================================================================
Received Import Request.
  Time since last request: 1060.738568 seconds.
  path: Assets/Font/LiberationSans.ttf
  artifactKey: Guid(e3265ab4bf004d28a9537516768c1c75) Importer(815301076,1909f56bfc062723c751e8b465ee728b)
Start importing Assets/Font/LiberationSans.ttf using Guid(e3265ab4bf004d28a9537516768c1c75) Importer(815301076,1909f56bfc062723c751e8b465ee728b)  -> (artifact id: 'cec1587b7129bde4b287cc77833a66ca') in 0.229509 seconds 
  Import took 0.233505 seconds .

========================================================================
Received Import Request.
  Time since last request: 0.000233 seconds.
  path: Assets/Font/Maplestory Light SDF_UGUI.mat
  artifactKey: Guid(2acded1c4dd07ae46be6ac1d46013c9b) Importer(815301076,1909f56bfc062723c751e8b465ee728b)
Start importing Assets/Font/Maplestory Light SDF_UGUI.mat using Guid(2acded1c4dd07ae46be6ac1d46013c9b) Importer(815301076,1909f56bfc062723c751e8b465ee728b)  -> (artifact id: '0b08eff13c1494b64f9a75c551171bc4') in 0.019023 seconds 
  Import took 0.022220 seconds .

========================================================================
Received Import Request.
  Time since last request: 0.000188 seconds.
  path: Assets/Font/Maplestory Light SDF.asset
  artifactKey: Guid(154651e169a22324b9d89fd00dc8a737) Importer(815301076,1909f56bfc062723c751e8b465ee728b)
Start importing Assets/Font/Maplestory Light SDF.asset using Guid(154651e169a22324b9d89fd00dc8a737) Importer(815301076,1909f56bfc062723c751e8b465ee728b)  -> (artifact id: 'e37ed82d485f0206d5ff0f9ae0a90ae1') in 0.284801 seconds 
  Import took 0.288699 seconds .

========================================================================
Received Import Request.
  Time since last request: 0.000207 seconds.
  path: Assets/Font/Maplestory Light.ttf
  artifactKey: Guid(d9f0f0ade4974c845a19b6d703c0b43d) Importer(815301076,1909f56bfc062723c751e8b465ee728b)
Start importing Assets/Font/Maplestory Light.ttf using Guid(d9f0f0ade4974c845a19b6d703c0b43d) Importer(815301076,1909f56bfc062723c751e8b465ee728b)  -> (artifact id: 'bd4e231aaa549ed68d57b13ada0ec195') in 0.018263 seconds 
  Import took 0.021305 seconds .

========================================================================
Received Import Request.
  Time since last request: 0.000221 seconds.
  path: Assets/Font/Maplestory Bold SDF.asset
  artifactKey: Guid(60121bc3587169e4e84318f967ba10eb) Importer(815301076,1909f56bfc062723c751e8b465ee728b)
Start importing Assets/Font/Maplestory Bold SDF.asset using Guid(60121bc3587169e4e84318f967ba10eb) Importer(815301076,1909f56bfc062723c751e8b465ee728b)  -> (artifact id: '5270c287f906d1935cf6be398a736dca') in 0.213516 seconds 
  Import took 0.217869 seconds .

========================================================================
Received Import Request.
  Time since last request: 0.000195 seconds.
  path: Assets/Font/Maplestory Bold.ttf
  artifactKey: Guid(f121400eb61a9084b90a9a51aa80fec0) Importer(815301076,1909f56bfc062723c751e8b465ee728b)
Start importing Assets/Font/Maplestory Bold.ttf using Guid(f121400eb61a9084b90a9a51aa80fec0) Importer(815301076,1909f56bfc062723c751e8b465ee728b)  -> (artifact id: '844e653afa4956f50e9903b6c559b2da') in 0.017972 seconds 
  Import took 0.021251 seconds .

========================================================================
Received Import Request.
  Time since last request: 0.000188 seconds.
  path: Assets/Font/Maplestory Bold SDF_UGUI.mat
  artifactKey: Guid(393f2cb262bffc344b872a38d01d2c9b) Importer(815301076,1909f56bfc062723c751e8b465ee728b)
Start importing Assets/Font/Maplestory Bold SDF_UGUI.mat using Guid(393f2cb262bffc344b872a38d01d2c9b) Importer(815301076,1909f56bfc062723c751e8b465ee728b)  -> (artifact id: '3a217c7e919e71555fcf2d5d7efed0cc') in 0.013543 seconds 
  Import took 0.016507 seconds .

========================================================================
Received Import Request.
  Time since last request: 8.512436 seconds.
  path: Assets/Font/LiberationSans - OFL.txt
  artifactKey: Guid(6e59c59b81ab47f9b6ec5781fa725d2c) Importer(815301076,1909f56bfc062723c751e8b465ee728b)
Start importing Assets/Font/LiberationSans - OFL.txt using Guid(6e59c59b81ab47f9b6ec5781fa725d2c) Importer(815301076,1909f56bfc062723c751e8b465ee728b)  -> (artifact id: '1de9340bd449fe78fab62280ef4eb436') in 0.014940 seconds 
  Import took 0.018795 seconds .

========================================================================
Received Import Request.
  Time since last request: 11.069798 seconds.
  path: Assets/Audio/Audio Mixer.mixer
  artifactKey: Guid(6a8f983fa48dd8e41a5173f779daf8c3) Importer(815301076,1909f56bfc062723c751e8b465ee728b)
Start importing Assets/Audio/Audio Mixer.mixer using Guid(6a8f983fa48dd8e41a5173f779daf8c3) Importer(815301076,1909f56bfc062723c751e8b465ee728b)  -> (artifact id: '19dcc6f4197780d9666119e8e2c0aa14') in 0.014267 seconds 
  Import took 0.018039 seconds .

========================================================================
Received Prepare
Registering precompiled user dll's ...
Registered in 0.003295 seconds.
Begin MonoManager ReloadAssembly
Native extension for WindowsStandalone target not found
Refreshing native plugins compatible for Editor in 0.55 ms, found 3 plugins.
Preloading 0 native plugins for Editor in 0.00 ms.
Mono: successfully reloaded assembly
- Completed reload, in  1.031 seconds
Domain Reload Profiling:
	ReloadAssembly (1032ms)
		BeginReloadAssembly (156ms)
			ExecutionOrderSort (0ms)
			DisableScriptedObjects (10ms)
			BackupInstance (0ms)
			ReleaseScriptingObjects (0ms)
			CreateAndSetChildDomain (66ms)
		EndReloadAssembly (811ms)
			LoadAssemblies (99ms)
			RebuildTransferFunctionScriptingTraits (0ms)
			SetupTypeCache (275ms)
			ReleaseScriptCaches (1ms)
			RebuildScriptCaches (44ms)
			SetupLoadedEditorAssemblies (290ms)
				LogAssemblyErrors (0ms)
				InitializePlatformSupportModulesInManaged (5ms)
				SetLoadedEditorAssemblies (0ms)
				RefreshPlugins (1ms)
				BeforeProcessingInitializeOnLoad (98ms)
				ProcessInitializeOnLoadAttributes (180ms)
				ProcessInitializeOnLoadMethodAttributes (4ms)
				AfterProcessingInitializeOnLoad (3ms)
				EditorAssembliesLoaded (0ms)
			ExecutionOrderSort2 (0ms)
			AwakeInstancesAfterBackupRestoration (10ms)
Platform modules already initialized, skipping
Refreshing native plugins compatible for Editor in 0.54 ms, found 3 plugins.
Preloading 0 native plugins for Editor in 0.00 ms.
Unloading 2085 Unused Serialized files (Serialized files now loaded: 0)
System memory in use before: 96.1 MB.
System memory in use after: 96.2 MB.

Unloading 14 unused Assets to reduce memory usage. Loaded Objects now: 2608.
Total: 4.378400 ms (FindLiveObjects: 0.212300 ms CreateObjectMapping: 0.045900 ms MarkObjects: 4.018500 ms  DeleteObjects: 0.099700 ms)

AssetImportParameters requested are different than current active one (requested -> active):
  custom:framework-win-MediaFoundation: 216162199b28c13a410421893ffa2e32 -> 
  custom:video-decoder-ogg-theora: a1e56fd34408186e4bbccfd4996cb3dc -> 
  custom:container-muxer-webm: aa71ff27fc2769a1b78a27578f13a17b -> 
  custom:container-demuxer-webm: 4f35f7cbe854078d1ac9338744f61a02 -> 
  custom:container-demuxer-ogg: 62fdf1f143b41e24485cea50d1cbac27 -> 
  custom:video-encoder-webm-vp8: eb34c28f22e8b96e1ab97ce403110664 -> 
  custom:video-decoder-webm-vp8: 9c59270c3fd7afecdb556c50c9e8de78 -> 
  custom:audio-decoder-ogg-vorbis: bf7c407c2cedff20999df2af8eb42d56 -> 
  custom:audio-encoder-webm-vorbis: bf7c407c2cedff20999df2af8eb42d56 -> 
========================================================================
Received Prepare
Registering precompiled user dll's ...
Registered in 0.002873 seconds.
Begin MonoManager ReloadAssembly
Native extension for WindowsStandalone target not found
Refreshing native plugins compatible for Editor in 0.52 ms, found 3 plugins.
Preloading 0 native plugins for Editor in 0.00 ms.
Mono: successfully reloaded assembly
- Completed reload, in  0.952 seconds
Domain Reload Profiling:
	ReloadAssembly (953ms)
		BeginReloadAssembly (111ms)
			ExecutionOrderSort (0ms)
			DisableScriptedObjects (7ms)
			BackupInstance (0ms)
			ReleaseScriptingObjects (0ms)
			CreateAndSetChildDomain (32ms)
		EndReloadAssembly (777ms)
			LoadAssemblies (91ms)
			RebuildTransferFunctionScriptingTraits (0ms)
			SetupTypeCache (266ms)
			ReleaseScriptCaches (1ms)
			RebuildScriptCaches (42ms)
			SetupLoadedEditorAssemblies (281ms)
				LogAssemblyErrors (0ms)
				InitializePlatformSupportModulesInManaged (5ms)
				SetLoadedEditorAssemblies (0ms)
				RefreshPlugins (1ms)
				BeforeProcessingInitializeOnLoad (100ms)
				ProcessInitializeOnLoadAttributes (167ms)
				ProcessInitializeOnLoadMethodAttributes (4ms)
				AfterProcessingInitializeOnLoad (5ms)
				EditorAssembliesLoaded (0ms)
			ExecutionOrderSort2 (0ms)
			AwakeInstancesAfterBackupRestoration (7ms)
Platform modules already initialized, skipping
Refreshing native plugins compatible for Editor in 0.56 ms, found 3 plugins.
Preloading 0 native plugins for Editor in 0.00 ms.
Unloading 2085 Unused Serialized files (Serialized files now loaded: 0)
System memory in use before: 96.1 MB.
System memory in use after: 96.2 MB.

Unloading 14 unused Assets to reduce memory usage. Loaded Objects now: 2611.
Total: 3.827900 ms (FindLiveObjects: 0.329700 ms CreateObjectMapping: 0.050800 ms MarkObjects: 3.417100 ms  DeleteObjects: 0.029100 ms)

AssetImportParameters requested are different than current active one (requested -> active):
  custom:framework-win-MediaFoundation: 216162199b28c13a410421893ffa2e32 -> 
  custom:video-decoder-ogg-theora: a1e56fd34408186e4bbccfd4996cb3dc -> 
  custom:container-muxer-webm: aa71ff27fc2769a1b78a27578f13a17b -> 
  custom:container-demuxer-webm: 4f35f7cbe854078d1ac9338744f61a02 -> 
  custom:container-demuxer-ogg: 62fdf1f143b41e24485cea50d1cbac27 -> 
  custom:video-encoder-webm-vp8: eb34c28f22e8b96e1ab97ce403110664 -> 
  custom:video-decoder-webm-vp8: 9c59270c3fd7afecdb556c50c9e8de78 -> 
  custom:audio-decoder-ogg-vorbis: bf7c407c2cedff20999df2af8eb42d56 -> 
  custom:audio-encoder-webm-vorbis: bf7c407c2cedff20999df2af8eb42d56 -> 
AssetImportWorkerClient::OnTransportError - code=2 error=End of file
